<?xml version="1.0" encoding="UTF-8"?>
<robot generator="Robot 7.1.1 (Python 3.12.7 on win32)" generated="2024-12-03T14:24:40.785775" rpa="false" schemaversion="5">
<suite id="s1" name="Cnc" source="c:\temp\RoboWorks\Suites\crosswork\cnc.robot">
<kw name="Suite Setup" owner="CW_Keywords" type="SETUP">
<kw name="Create Hosts" owner="CW_Environments">
<kw name="Create Dictionary" owner="BuiltIn">
<msg time="2024-12-03T14:24:41.386498" level="INFO">${CW_ENDPOINTS} = {}</msg>
<var>${CW_ENDPOINTS}</var>
<doc>Creates and returns a dictionary based on the given ``items``.</doc>
<status status="PASS" start="2024-12-03T14:24:41.386498" elapsed="0.000000"/>
</kw>
<kw name="Set Variable" owner="BuiltIn">
<msg time="2024-12-03T14:24:41.386498" level="INFO">${admin_default} = {"username":"admin","password":"cRo55work!"}</msg>
<var>${admin_default}</var>
<arg>{"username":"admin","password":"cRo55work!"}</arg>
<doc>Returns the given values which can then be assigned to a variables.</doc>
<status status="PASS" start="2024-12-03T14:24:41.386498" elapsed="0.000000"/>
</kw>
<kw name="Set Variable" owner="BuiltIn">
<msg time="2024-12-03T14:24:41.387500" level="INFO">${admin_default_2} = {"username":"admin","password":"mypassword"}</msg>
<var>${admin_default_2}</var>
<arg>{"username":"admin","password":"mypassword"}</arg>
<doc>Returns the given values which can then be assigned to a variables.</doc>
<status status="PASS" start="2024-12-03T14:24:41.387500" elapsed="0.000000"/>
</kw>
<kw name="Set To Dictionary" owner="Collections">
<arg>${CW_ENDPOINTS}</arg>
<arg>dcloud-demo</arg>
<arg>{"host":"198.18.134.219","protocol":"https","port":"30603","auth":${admin_default}}</arg>
<doc>Adds the given ``key_value_pairs`` and/or ``items`` to the ``dictionary``.</doc>
<status status="PASS" start="2024-12-03T14:24:41.387500" elapsed="0.000000"/>
</kw>
<kw name="Set To Dictionary" owner="Collections">
<arg>${CW_ENDPOINTS}</arg>
<arg>mycnclablocal</arg>
<arg>{"host":"192.168.254.233","protocol":"https","port":"30605","auth":${admin_default_2}}</arg>
<doc>Adds the given ``key_value_pairs`` and/or ``items`` to the ``dictionary``.</doc>
<status status="PASS" start="2024-12-03T14:24:41.387500" elapsed="0.000000"/>
</kw>
<kw name="Set Suite Variable" owner="BuiltIn">
<msg time="2024-12-03T14:24:41.387500" level="INFO">${CW_ENDPOINTS} = {'dcloud-demo': '{"host":"198.18.134.219","protocol":"https","port":"30603","auth":{"username":"admin","password":"cRo55work!"}}', 'mycnclablocal': '{"host":"192.168.254.233","protocol":"https","port"...</msg>
<arg>${CW_ENDPOINTS}</arg>
<doc>Makes a variable available everywhere within the scope of the current suite.</doc>
<status status="PASS" start="2024-12-03T14:24:41.387500" elapsed="0.000000"/>
</kw>
<status status="PASS" start="2024-12-03T14:24:41.386498" elapsed="0.001002"/>
</kw>
<kw name="Get Current DTTM" owner="CW_Keywords">
<kw name="Log" owner="BuiltIn">
<msg time="2024-12-03T14:24:41.387500" level="INFO">LOGLEVEL:DEBUG</msg>
<arg>LOGLEVEL:${LOG LEVEL}</arg>
<doc>Logs the given message with the given level.</doc>
<status status="PASS" start="2024-12-03T14:24:41.387500" elapsed="0.000000"/>
</kw>
<kw name="Get Current Date" owner="DateTime">
<msg time="2024-12-03T14:24:41.387500" level="INFO">${now} = 20241203-142441</msg>
<var>${now}</var>
<arg>result_format=%Y%m%d-%H%M%S</arg>
<doc>Returns current local or UTC time with an optional increment.</doc>
<status status="PASS" start="2024-12-03T14:24:41.387500" elapsed="0.000000"/>
</kw>
<kw name="Set Suite Variable" owner="BuiltIn">
<msg time="2024-12-03T14:24:41.388632" level="INFO">${now} = 20241203-142441</msg>
<arg>${now}</arg>
<doc>Makes a variable available everywhere within the scope of the current suite.</doc>
<status status="PASS" start="2024-12-03T14:24:41.387500" elapsed="0.001132"/>
</kw>
<kw name="Log To Console" owner="BuiltIn">
<arg>\nCurrent Time: ${now}</arg>
<doc>Logs the given message to the console.</doc>
<status status="PASS" start="2024-12-03T14:24:41.388632" elapsed="0.000000"/>
</kw>
<status status="PASS" start="2024-12-03T14:24:41.387500" elapsed="0.001132"/>
</kw>
<status status="PASS" start="2024-12-03T14:24:41.385492" elapsed="0.003140"/>
</kw>
<test id="s1-t1" name="Logon CNC" line="29">
<kw name="Set Test Variable" owner="BuiltIn" type="SETUP">
<msg time="2024-12-03T14:24:41.389494" level="INFO">${MSG} = ENVIRONMENT:dcloud-demo
</msg>
<arg>${MSG}</arg>
<arg>ENVIRONMENT:${ENV}\n</arg>
<doc>Makes a variable available everywhere within the scope of the current test.</doc>
<status status="PASS" start="2024-12-03T14:24:41.389494" elapsed="0.000000"/>
</kw>
<kw name="Set Variable" owner="BuiltIn">
<msg time="2024-12-03T14:24:41.389494" level="INFO">${data} = {"host":"198.18.134.219","protocol":"https","port":"30603","auth":{"username":"admin","password":"cRo55work!"}}</msg>
<var>${data}</var>
<arg>${CW_ENDPOINTS["${ENV}"]}</arg>
<doc>Returns the given values which can then be assigned to a variables.</doc>
<status status="PASS" start="2024-12-03T14:24:41.389494" elapsed="0.000000"/>
</kw>
<kw name="Run Keyword And Return Status" owner="BuiltIn">
<kw name="Logon to CNC" owner="CW_Keywords">
<kw name="Log Variables" owner="BuiltIn">
<arg>level=TRACE</arg>
<doc>Logs all variables in the current scope with given log level.</doc>
<status status="PASS" start="2024-12-03T14:24:41.390550" elapsed="0.000991"/>
</kw>
<kw name="Evaluate" owner="BuiltIn">
<msg time="2024-12-03T14:24:41.391541" level="INFO">${data} = {'host': '198.18.134.219', 'protocol': 'https', 'port': '30603', 'auth': {'username': 'admin', 'password': 'cRo55work!'}}</msg>
<var>${data}</var>
<arg>json.loads($data)</arg>
<arg>json</arg>
<doc>Evaluates the given expression in Python and returns the result.</doc>
<status status="PASS" start="2024-12-03T14:24:41.391541" elapsed="0.000000"/>
</kw>
<kw name="Set Variable" owner="BuiltIn">
<msg time="2024-12-03T14:24:41.392545" level="INFO">${serverURL} = https://198.18.134.219:30603</msg>
<var>${serverURL}</var>
<arg>${data["protocol"]}://${data["host"]}:${data["port"]}</arg>
<doc>Returns the given values which can then be assigned to a variables.</doc>
<status status="PASS" start="2024-12-03T14:24:41.391541" elapsed="0.001004"/>
</kw>
<kw name="Set Variable" owner="BuiltIn">
<msg time="2024-12-03T14:24:41.392545" level="INFO">${auth} = {"username":"admin","password":"cRo55work!"}</msg>
<var>${auth}</var>
<arg>{"username":"${data["auth"]["username"]}","password":"${data["auth"]["password"]}"}</arg>
<doc>Returns the given values which can then be assigned to a variables.</doc>
<status status="PASS" start="2024-12-03T14:24:41.392545" elapsed="0.000000"/>
</kw>
<kw name="Create Dictionary" owner="BuiltIn">
<msg time="2024-12-03T14:24:41.392545" level="INFO">${headers} = {'Content-type': 'application/x-www-form-urlencoded'}</msg>
<var>${headers}</var>
<arg>Content-type=application/x-www-form-urlencoded</arg>
<doc>Creates and returns a dictionary based on the given ``items``.</doc>
<status status="PASS" start="2024-12-03T14:24:41.392545" elapsed="0.000000"/>
</kw>
<kw name="Create Session" owner="RequestsLibrary">
<msg time="2024-12-03T14:24:41.392545" level="INFO">Creating Session using : alias=cw, url=https://198.18.134.219:30603, headers={},                     cookies={}, auth=None, timeout=None, proxies=None, verify=False,                     debug=0 </msg>
<msg time="2024-12-03T14:24:41.392545" level="DEBUG">Creating session: cw</msg>
<arg>alias=cw</arg>
<arg>url=${serverURL}</arg>
<doc>Create Session: create a HTTP session to a server</doc>
<status status="PASS" start="2024-12-03T14:24:41.392545" elapsed="0.001014"/>
</kw>
<kw name="Set Variable" owner="BuiltIn">
<msg time="2024-12-03T14:24:41.393559" level="INFO">${auth} = /crosswork/sso/v1/tickets?username=admin&amp;password=cRo55work!</msg>
<var>${auth}</var>
<arg>/crosswork/sso/v1/tickets?username=${data["auth"]["username"]}&amp;password=${data["auth"]["password"]}</arg>
<doc>Returns the given values which can then be assigned to a variables.</doc>
<status status="PASS" start="2024-12-03T14:24:41.393559" elapsed="0.000000"/>
</kw>
<kw name="Set Variable" owner="BuiltIn">
<msg time="2024-12-03T14:24:41.393559" level="INFO">${tgt} = /crosswork/sso/v1/tickets</msg>
<var>${tgt}</var>
<arg>/crosswork/sso/v1/tickets</arg>
<doc>Returns the given values which can then be assigned to a variables.</doc>
<status status="PASS" start="2024-12-03T14:24:41.393559" elapsed="0.000000"/>
</kw>
<kw name="Set Variable" owner="BuiltIn">
<msg time="2024-12-03T14:24:41.393559" level="INFO">${payload} = service=https://1.2.3.4/app-dashboard/app-dashboard</msg>
<var>${payload}</var>
<arg>service=https://1.2.3.4/app-dashboard/app-dashboard</arg>
<doc>Returns the given values which can then be assigned to a variables.</doc>
<status status="PASS" start="2024-12-03T14:24:41.393559" elapsed="0.000000"/>
</kw>
<kw name="POST On Session" owner="RequestsLibrary">
<msg time="2024-12-03T14:24:41.396018" level="DEBUG">Starting new HTTPS connection (1): 198.18.134.219:30603</msg>
<msg time="2024-12-03T14:24:42.434535" level="DEBUG">https://198.18.134.219:30603 "POST /crosswork/sso/v1/tickets?username=admin&amp;password=cRo55work! HTTP/11" 503 94</msg>
<msg time="2024-12-03T14:24:42.434535" level="INFO">POST Request : url=https://198.18.134.219:30603/crosswork/sso/v1/tickets?username=admin&amp;password=cRo55work! 
 path_url=/crosswork/sso/v1/tickets?username=admin&amp;password=cRo55work! 
 headers={'User-Agent': 'python-requests/2.32.3', 'Accept-Encoding': 'gzip, deflate', 'Accept': '*/*', 'Connection': 'keep-alive', 'Content-type': 'application/x-www-form-urlencoded', 'Content-Length': '0'} 
 body=None 
 </msg>
<msg time="2024-12-03T14:24:42.434535" level="INFO">POST Response : url=https://198.18.134.219:30603/crosswork/sso/v1/tickets?username=admin&amp;password=cRo55work! 
 status=503, reason=Service Unavailable 
 headers={'Date': 'Tue, 03 Dec 2024 04:24:42 GMT', 'Content-Type': 'application/x-www-form-urlencoded;charset=UTF-8', 'Content-Length': '94', 'Connection': 'keep-alive', 'Cache-Control': 'no-cache, no-store, max-age=0, must-revalidate', 'Expires': '0', 'Pragma': 'no-cache', 'Requestid': '371dd9ea-8152-492f-95fe-f142b86417a7', 'Strict-Transport-Security': 'max-age=15768000 ; includeSubDomains', 'X-Content-Type-Options': 'nosniff', 'X-Frame-Options': 'DENY', 'X-Ratelimit-Limit': '0', 'X-Ratelimit-Remaining': '0', 'X-Ratelimit-Reset': '0', 'X-Tyk-Api-Expires': 'Thu, 02 Jan 3000 15:04:00 UTC', 'X-Xss-Protection': '1; mode=block', 'Server': 'Webserver'} 
 body={
  "error" : "Per user session limit reached. Close unused sessions or try after sometime."
} 
 </msg>
<msg time="2024-12-03T14:24:42.434535" level="INFO">C:\Users\siprice\AppData\Local\Packages\PythonSoftwareFoundation.Python.3.12_qbz5n2kfra8p0\LocalCache\local-packages\Python312\site-packages\urllib3\connectionpool.py:1099: InsecureRequestWarning: Unverified HTTPS request is being made to host '198.18.134.219'. Adding certificate verification is strongly advised. See: https://urllib3.readthedocs.io/en/latest/advanced-usage.html#tls-warnings
  warnings.warn(</msg>
<msg time="2024-12-03T14:24:42.434535" level="FAIL">Url: https://198.18.134.219:30603/crosswork/sso/v1/tickets?username=admin&amp;password=cRo55work! Expected status: 503 != 201</msg>
<msg time="2024-12-03T14:24:42.436592" level="DEBUG">Traceback (most recent call last):
  File "C:\Users\siprice\AppData\Local\Packages\PythonSoftwareFoundation.Python.3.12_qbz5n2kfra8p0\LocalCache\local-packages\Python312\site-packages\RequestsLibrary\utils.py", line 154, in decorator
    return func(*args, **kwargs)
           ^^^^^^^^^^^^^^^^^^^^^
  File "C:\Users\siprice\AppData\Local\Packages\PythonSoftwareFoundation.Python.3.12_qbz5n2kfra8p0\LocalCache\local-packages\Python312\site-packages\RequestsLibrary\RequestsOnSessionKeywords.py", line 62, in post_on_session
    self._check_status(expected_status, response, msg)
  File "C:\Users\siprice\AppData\Local\Packages\PythonSoftwareFoundation.Python.3.12_qbz5n2kfra8p0\LocalCache\local-packages\Python312\site-packages\RequestsLibrary\SessionKeywords.py", line 582, in _check_status
    assert_equal(resp.status_code, expected_status, msg)
  File "C:\Users\siprice\AppData\Local\Packages\PythonSoftwareFoundation.Python.3.12_qbz5n2kfra8p0\LocalCache\local-packages\Python312\site-packages\robot\utils\asserts.py", line 181, in assert_equal
    _report_inequality(first, second, '!=', msg, values, formatter)
  File "C:\Users\siprice\AppData\Local\Packages\PythonSoftwareFoundation.Python.3.12_qbz5n2kfra8p0\LocalCache\local-packages\Python312\site-packages\robot\utils\asserts.py", line 230, in _report_inequality
    raise AssertionError(msg)
AssertionError: Url: https://198.18.134.219:30603/crosswork/sso/v1/tickets?username=admin&amp;password=cRo55work! Expected status: 503 != 201</msg>
<var>${resp}</var>
<arg>cw</arg>
<arg>${serverURL}${auth}</arg>
<arg>headers=${headers}</arg>
<arg>expected_status=201</arg>
<arg>verify=${False}</arg>
<doc>Sends a POST request on a previously created HTTP Session.</doc>
<status status="FAIL" start="2024-12-03T14:24:41.393559" elapsed="1.043033">Url: https://198.18.134.219:30603/crosswork/sso/v1/tickets?username=admin&amp;password=cRo55work! Expected status: 503 != 201</status>
</kw>
<kw name="POST On Session" owner="RequestsLibrary">
<var>${resp2}</var>
<arg>cw</arg>
<arg>${serverURL}${tgt}/${resp.text}</arg>
<arg>headers=${headers}</arg>
<arg>expected_status=200</arg>
<arg>verify=${False}</arg>
<arg>data=${payload}</arg>
<doc>Sends a POST request on a previously created HTTP Session.</doc>
<status status="NOT RUN" start="2024-12-03T14:24:42.436592" elapsed="0.000000"/>
</kw>
<kw name="Set Variable" owner="BuiltIn">
<var>${token}</var>
<arg>${resp2.text}</arg>
<doc>Returns the given values which can then be assigned to a variables.</doc>
<status status="NOT RUN" start="2024-12-03T14:24:42.436592" elapsed="0.000000"/>
</kw>
<kw name="Set Suite Variable" owner="BuiltIn">
<arg>${token}</arg>
<doc>Makes a variable available everywhere within the scope of the current suite.</doc>
<status status="NOT RUN" start="2024-12-03T14:24:42.436592" elapsed="0.000000"/>
</kw>
<kw name="Log" owner="BuiltIn">
<arg>${token}</arg>
<doc>Logs the given message with the given level.</doc>
<status status="NOT RUN" start="2024-12-03T14:24:42.436592" elapsed="0.000000"/>
</kw>
<kw name="Set Test Variable" owner="BuiltIn">
<arg>${MSG}</arg>
<arg>${MSG}HOST: ${serverURL}</arg>
<doc>Makes a variable available everywhere within the scope of the current test.</doc>
<status status="NOT RUN" start="2024-12-03T14:24:42.436592" elapsed="0.000000"/>
</kw>
<kw name="Set Test Variable" owner="BuiltIn">
<arg>${MSG}</arg>
<arg>${MSG}\nUSER: ${data["auth"]["username"]}</arg>
<doc>Makes a variable available everywhere within the scope of the current test.</doc>
<status status="NOT RUN" start="2024-12-03T14:24:42.436592" elapsed="0.000000"/>
</kw>
<arg>${CW_ENDPOINTS["${ENV}"]}</arg>
<doc>Get Crosswork token</doc>
<status status="FAIL" start="2024-12-03T14:24:41.390550" elapsed="1.046042">Url: https://198.18.134.219:30603/crosswork/sso/v1/tickets?username=admin&amp;password=cRo55work! Expected status: 503 != 201</status>
</kw>
<msg time="2024-12-03T14:24:42.436592" level="INFO">${logon} = False</msg>
<var>${logon}</var>
<arg>Logon to CNC</arg>
<arg>${CW_ENDPOINTS["${ENV}"]}</arg>
<doc>Runs the given keyword with given arguments and returns the status as a Boolean value.</doc>
<status status="PASS" start="2024-12-03T14:24:41.390550" elapsed="1.046042"/>
</kw>
<kw name="Run Keyword If" owner="BuiltIn">
<kw name="Fatal Error" owner="BuiltIn">
<msg time="2024-12-03T14:24:42.443541" level="FAIL">Failed to authenticate to {"host":"198.18.134.219","protocol":"https","port":"30603","auth":{"username":"admin","password":"cRo55work!"}} or is not reacheable. Terminating test suite.</msg>
<msg time="2024-12-03T14:24:42.443541" level="DEBUG">Traceback (most recent call last):
  None
AssertionError: Failed to authenticate to {"host":"198.18.134.219","protocol":"https","port":"30603","auth":{"username":"admin","password":"cRo55work!"}} or is not reacheable. Terminating test suite.</msg>
<arg>Failed to authenticate to ${data} or is not reacheable. Terminating test suite.</arg>
<doc>Stops the whole test execution.</doc>
<status status="FAIL" start="2024-12-03T14:24:42.442707" elapsed="0.000834">Failed to authenticate to {"host":"198.18.134.219","protocol":"https","port":"30603","auth":{"username":"admin","password":"cRo55work!"}} or is not reacheable. Terminating test suite.</status>
</kw>
<arg>not ${logon}</arg>
<arg>Fatal Error</arg>
<arg>Failed to authenticate to ${data} or is not reacheable. Terminating test suite.</arg>
<doc>Runs the given keyword with the given arguments, if ``condition`` is true.</doc>
<status status="FAIL" start="2024-12-03T14:24:42.442707" elapsed="0.000834">Failed to authenticate to {"host":"198.18.134.219","protocol":"https","port":"30603","auth":{"username":"admin","password":"cRo55work!"}} or is not reacheable. Terminating test suite.</status>
</kw>
<kw name="Set Test Message" owner="BuiltIn" type="TEARDOWN">
<msg time="2024-12-03T14:24:42.443541" level="INFO">Set test message to:
ENVIRONMENT:dcloud-demo

Failed to authenticate to {"host":"198.18.134.219","protocol":"https","port":"30603","auth":{"username":"admin","password":"cRo55work!"}} or is not reacheable. Terminating test suite.</msg>
<arg>${MSG}\n${TEST MESSAGE}</arg>
<doc>Sets message for the current test case.</doc>
<status status="PASS" start="2024-12-03T14:24:42.443541" elapsed="0.000000"/>
</kw>
<doc>Initial Authentication for CNC session</doc>
<tag>AUTH</tag>
<tag>SETUP-TASKS</tag>
<status status="FAIL" start="2024-12-03T14:24:41.388632" elapsed="1.054909">ENVIRONMENT:dcloud-demo

Failed to authenticate to {"host":"198.18.134.219","protocol":"https","port":"30603","auth":{"username":"admin","password":"cRo55work!"}} or is not reacheable. Terminating test suite.</status>
</test>
<test id="s1-t2" name="Get Current Time" line="39">
<doc>Get a suite wide date and time to use as a unique identifier</doc>
<tag>robot:exit</tag>
<tag>SETUP-TASKS</tag>
<status status="FAIL" start="2024-12-03T14:24:42.448279" elapsed="0.001138">Test execution stopped due to a fatal error.</status>
</test>
<test id="s1-t3" name="Retrieve Platform Summary" line="45">
<doc>Get key information on CNC Platform and hosting as per file spec [cnc-platform.txt]</doc>
<tag>DATA-COLLECTION</tag>
<tag>PLATFORM</tag>
<tag>robot:exit</tag>
<status status="FAIL" start="2024-12-03T14:24:42.449417" elapsed="0.001612">Test execution stopped due to a fatal error.</status>
</test>
<test id="s1-t4" name="Retrieve Devices" line="52">
<doc>Find key device information</doc>
<tag>DATA-COLLECTION</tag>
<tag>DEVICE</tag>
<tag>robot:exit</tag>
<status status="FAIL" start="2024-12-03T14:24:42.451029" elapsed="0.000000">Test execution stopped due to a fatal error.</status>
</test>
<test id="s1-t5" name="Retrieve NSO Service Types" line="59">
<doc>Retrieve the available NSO service models</doc>
<tag>DATA-COLLECTION</tag>
<tag>NSO</tag>
<tag>robot:exit</tag>
<status status="FAIL" start="2024-12-03T14:24:42.452153" elapsed="0.000000">Test execution stopped due to a fatal error.</status>
</test>
<test id="s1-t6" name="Retrieve CNC VPN Services" line="66">
<doc>Find all CNC Network Services</doc>
<tag>DATA-COLLECTION</tag>
<tag>robot:exit</tag>
<tag>SERVICES</tag>
<status status="FAIL" start="2024-12-03T14:24:42.452153" elapsed="0.000986">Test execution stopped due to a fatal error.</status>
</test>
<test id="s1-t7" name="Retrieve NSO VPN Transport" line="73">
<doc>Find all CNC Transport services from NSO</doc>
<tag>DATA-COLLECTION</tag>
<tag>robot:exit</tag>
<tag>SERVICES</tag>
<status status="FAIL" start="2024-12-03T14:24:42.453139" elapsed="0.000000">Test execution stopped due to a fatal error.</status>
</test>
<test id="s1-t8" name="Retrieve CNC Application Health" line="80">
<doc>Find Health of CNC applications</doc>
<tag>APPLICATIONS</tag>
<tag>DATA-COLLECTION</tag>
<tag>robot:exit</tag>
<status status="FAIL" start="2024-12-03T14:24:42.453139" elapsed="0.000000">Test execution stopped due to a fatal error.</status>
</test>
<test id="s1-t9" name="Retrieve CNC Device Alerts" line="87">
<doc>Find all the current /active device alerts</doc>
<tag>ALARMS</tag>
<tag>DATA-COLLECTION</tag>
<tag>DEVICE</tag>
<tag>robot:exit</tag>
<status status="FAIL" start="2024-12-03T14:24:42.453139" elapsed="0.004778">Test execution stopped due to a fatal error.</status>
</test>
<test id="s1-t10" name="Retrieve CNC System Alarms" line="94">
<doc>Find all the current /active system alarms</doc>
<tag>ALARMS</tag>
<tag>DATA-COLLECTION</tag>
<tag>robot:exit</tag>
<status status="FAIL" start="2024-12-03T14:24:42.458910" elapsed="0.000000">Test execution stopped due to a fatal error.</status>
</test>
<test id="s1-t11" name="Retrieve CNC Providers" line="101">
<doc>Find Providers</doc>
<tag>DATA-COLLECTION</tag>
<tag>PROVIDERS</tag>
<tag>robot:exit</tag>
<status status="FAIL" start="2024-12-03T14:24:42.458910" elapsed="0.000000">Test execution stopped due to a fatal error.</status>
</test>
<test id="s1-t12" name="Retrieve CNC Credentials" line="108">
<doc>Find credential policies</doc>
<tag>CREDENTIALS</tag>
<tag>DATA-COLLECTION</tag>
<tag>robot:exit</tag>
<status status="FAIL" start="2024-12-03T14:24:42.459881" elapsed="0.000000">Test execution stopped due to a fatal error.</status>
</test>
<test id="s1-t13" name="Retrieve CNC KPIs" line="115">
<doc>Find all the configured KPIs by category</doc>
<tag>DATA-COLLECTION</tag>
<tag>KPIS</tag>
<tag>robot:exit</tag>
<status status="FAIL" start="2024-12-03T14:24:42.460874" elapsed="0.000000">Test execution stopped due to a fatal error.</status>
</test>
<test id="s1-t14" name="Retrieve CNC Versions" line="122">
<doc>Find all the Crosswork modules and versions</doc>
<tag>APPLICATIONS</tag>
<tag>DATA-COLLECTION</tag>
<tag>robot:exit</tag>
<status status="FAIL" start="2024-12-03T14:24:42.460874" elapsed="0.000000">Test execution stopped due to a fatal error.</status>
</test>
<test id="s1-t15" name="Retrieve CNC Data Gateway" line="129">
<doc>Find the Data Gateway hosts and IP</doc>
<tag>DATA-COLLECTION</tag>
<tag>DATA_GATEWAY</tag>
<tag>robot:exit</tag>
<status status="FAIL" start="2024-12-03T14:24:42.461871" elapsed="0.000000">Test execution stopped due to a fatal error.</status>
</test>
<test id="s1-t16" name="Retrieve CNC Syslog Destinations" line="136">
<doc>Find all the remote syslog destinations</doc>
<tag>DATA-COLLECTION</tag>
<tag>robot:exit</tag>
<tag>SYSLOG</tag>
<status status="FAIL" start="2024-12-03T14:24:42.461871" elapsed="0.000000">Test execution stopped due to a fatal error.</status>
</test>
<test id="s1-t17" name="Retrieve CNC Software Images" line="143">
<doc>Find Software Images (SWIM)</doc>
<tag>DATA-COLLECTION</tag>
<tag>robot:exit</tag>
<tag>SWIM</tag>
<status status="FAIL" start="2024-12-03T14:24:42.462874" elapsed="0.000000">Test execution stopped due to a fatal error.</status>
</test>
<test id="s1-t18" name="Validate CNC Data Gateway" line="150">
<doc>Validate the configured DGW is correct as per file spec [cnc-cdg.txt]</doc>
<tag>DATA_GATEWAY</tag>
<tag>robot:exit</tag>
<tag>VALIDATE</tag>
<status status="FAIL" start="2024-12-03T14:24:42.463869" elapsed="0.003456">Test execution stopped due to a fatal error.</status>
</test>
<test id="s1-t19" name="Validate Platform Summary" line="157">
<doc>Validate key information on CNC Platform and hosting as per file spec [cnc-platform.txt]</doc>
<tag>PLATFORM</tag>
<tag>robot:exit</tag>
<tag>VALIDATE</tag>
<status status="FAIL" start="2024-12-03T14:24:42.468356" elapsed="0.001131">Test execution stopped due to a fatal error.</status>
</test>
<test id="s1-t20" name="Validate CNC Versions" line="164">
<doc>Validate the configured CNC products are correct as per file spec [cnc-apps.txt]</doc>
<tag>APPLICATIONS</tag>
<tag>robot:exit</tag>
<tag>VALIDATE</tag>
<status status="FAIL" start="2024-12-03T14:24:42.470376" elapsed="0.000000">Test execution stopped due to a fatal error.</status>
</test>
<test id="s1-t21" name="Validate NSO Service Types" line="171">
<doc>Validate the available NSO service models are correct as per file spec [cnc-nso-service-types.txt]</doc>
<tag>NSO</tag>
<tag>robot:exit</tag>
<tag>VALIDATE</tag>
<status status="FAIL" start="2024-12-03T14:24:42.471421" elapsed="0.000000">Test execution stopped due to a fatal error.</status>
</test>
<test id="s1-t22" name="Validate CNC Credentials" line="178">
<doc>Validate CNC credentials are correct as per the file spec [cnc-credentials.txt]</doc>
<tag>CREDENTIALS</tag>
<tag>robot:exit</tag>
<tag>VALIDATE</tag>
<status status="FAIL" start="2024-12-03T14:24:42.473367" elapsed="0.000000">Test execution stopped due to a fatal error.</status>
</test>
<test id="s1-t23" name="Validate CNC Providers" line="185">
<doc>Validate CNC Providers are correct as per the file spec [cnc-providers.txt]</doc>
<tag>PROVIDERS</tag>
<tag>robot:exit</tag>
<tag>VALIDATE</tag>
<status status="FAIL" start="2024-12-03T14:24:42.477322" elapsed="0.000000">Test execution stopped due to a fatal error.</status>
</test>
<test id="s1-t24" name="Validate CNC Devices" line="192">
<doc>Validate CNC Device info is correct, reachable and in operational OK state as per the file spec [cnc-devices.txt]</doc>
<tag>DEVICE</tag>
<tag>robot:exit</tag>
<tag>VALIDATE</tag>
<status status="FAIL" start="2024-12-03T14:24:42.477897" elapsed="0.000594">Test execution stopped due to a fatal error.</status>
</test>
<test id="s1-t25" name="Validate CNC SWIM Images" line="199">
<doc>Validate Software Image repository as per the file spec [cnc-images.txt]</doc>
<tag>robot:exit</tag>
<tag>SWIM</tag>
<tag>VALIDATE</tag>
<status status="FAIL" start="2024-12-03T14:24:42.478491" elapsed="0.000604">Test execution stopped due to a fatal error.</status>
</test>
<test id="s1-t26" name="Validate CNC Application Health" line="206">
<doc>Ensure all CNC applications are healthy</doc>
<tag>APPLICATIONS</tag>
<tag>robot:exit</tag>
<tag>VALIDATE</tag>
<status status="FAIL" start="2024-12-03T14:24:42.479597" elapsed="0.000000">Test execution stopped due to a fatal error.</status>
</test>
<kw name="Suite Teardown" owner="CW_Keywords" type="TEARDOWN">
<kw name="Delete All Sessions" owner="RequestsLibrary">
<msg time="2024-12-03T14:24:42.480773" level="INFO">Deleting All Sessions</msg>
<doc>Removes all the session objects</doc>
<status status="PASS" start="2024-12-03T14:24:42.480773" elapsed="0.000079"/>
</kw>
<tag>Pronghorn</tag>
<doc>Dispose of Sessions</doc>
<status status="PASS" start="2024-12-03T14:24:42.480253" elapsed="0.000599"/>
</kw>
<doc>System, environment and configuration baseline and verification.</doc>
<status status="FAIL" start="2024-12-03T14:24:40.787798" elapsed="1.693054"/>
</suite>
<statistics>
<total>
<stat pass="0" fail="26" skip="0">All Tests</stat>
</total>
<tag>
<stat pass="0" fail="1" skip="0" info="combined" combined="NOT robot:exit">NOT robot:exit</stat>
<stat pass="0" fail="2" skip="0">ALARMS</stat>
<stat pass="0" fail="4" skip="0">APPLICATIONS</stat>
<stat pass="0" fail="1" skip="0">AUTH</stat>
<stat pass="0" fail="2" skip="0">CREDENTIALS</stat>
<stat pass="0" fail="15" skip="0">DATA-COLLECTION</stat>
<stat pass="0" fail="2" skip="0">DATA_GATEWAY</stat>
<stat pass="0" fail="3" skip="0">DEVICE</stat>
<stat pass="0" fail="1" skip="0">KPIS</stat>
<stat pass="0" fail="2" skip="0">NSO</stat>
<stat pass="0" fail="2" skip="0">PLATFORM</stat>
<stat pass="0" fail="2" skip="0">PROVIDERS</stat>
<stat pass="0" fail="2" skip="0">SERVICES</stat>
<stat pass="0" fail="2" skip="0">SETUP-TASKS</stat>
<stat pass="0" fail="2" skip="0">SWIM</stat>
<stat pass="0" fail="1" skip="0">SYSLOG</stat>
<stat pass="0" fail="9" skip="0">VALIDATE</stat>
</tag>
<suite>
<stat pass="0" fail="26" skip="0" id="s1" name="Cnc">Cnc</stat>
</suite>
</statistics>
<errors>
</errors>
</robot>
